# JRE version: OpenJDK Runtime Environment (17.0.10) (build 17.0.10+0--11609105)
# Java VM: OpenJDK 64-Bit Server VM (17.0.10+0--11609105, mixed mode, tiered, compressed oops, compressed class ptrs, g1 gc, windows-amd64)
GC Precious Log:
 CPUs: 12 total, 12 available
 Memory: 16171M
 Large Page Support: Disabled
 NUMA Support: Disabled
 Compressed Oops: Enabled (32-bit)
 Heap Region Size: 1M
 Heap Min Capacity: 8M
 Heap Initial Capacity: 254M
 Heap Max Capacity: 2G
 Pre-touch: Disabled
 Parallel Workers: 10
 Concurrent Workers: 3
 Concurrent Refinement Workers: 10
 Periodic GC: Disabled
Heap:
 garbage-first heap   total 175104K, used 92480K [0x0000000080000000, 0x0000000100000000)
  region size 1024K, 15 young (15360K), 5 survivors (5120K)
 Metaspace       used 80372K, committed 81024K, reserved 1179648K
  class space    used 10891K, committed 11200K, reserved 1048576K
GC Heap History (20 events):
Event: 6.111 GC heap before
{Heap before GC invocations=18 (full 0):
 garbage-first heap   total 86016K, used 66289K [0x0000000080000000, 0x0000000100000000)
  region size 1024K, 29 young (29696K), 4 survivors (4096K)
 Metaspace       used 63288K, committed 63808K, reserved 1114112K
  class space    used 8601K, committed 8832K, reserved 1048576K
}
Event: 6.115 GC heap after
{Heap after GC invocations=19 (full 0):
 garbage-first heap   total 86016K, used 45740K [0x0000000080000000, 0x0000000100000000)
  region size 1024K, 4 young (4096K), 4 survivors (4096K)
 Metaspace       used 63288K, committed 63808K, reserved 1114112K
  class space    used 8601K, committed 8832K, reserved 1048576K
}
Event: 6.227 GC heap before
{Heap before GC invocations=20 (full 0):
 garbage-first heap   total 87040K, used 65196K [0x0000000080000000, 0x0000000100000000)
  region size 1024K, 24 young (24576K), 4 survivors (4096K)
 Metaspace       used 63582K, committed 64128K, reserved 1114112K
  class space    used 8635K, committed 8896K, reserved 1048576K
}
Event: 6.230 GC heap after
{Heap after GC invocations=21 (full 0):
 garbage-first heap   total 87040K, used 45945K [0x0000000080000000, 0x0000000100000000)
  region size 1024K, 3 young (3072K), 3 survivors (3072K)
 Metaspace       used 63582K, committed 64128K, reserved 1114112K
  class space    used 8635K, committed 8896K, reserved 1048576K
}
Event: 6.248 GC heap before
{Heap before GC invocations=21 (full 0):
 garbage-first heap   total 87040K, used 46969K [0x0000000080000000, 0x0000000100000000)
  region size 1024K, 4 young (4096K), 3 survivors (3072K)
 Metaspace       used 63631K, committed 64128K, reserved 1114112K
  class space    used 8638K, committed 8896K, reserved 1048576K
}
Event: 6.251 GC heap after
{Heap after GC invocations=22 (full 0):
 garbage-first heap   total 87040K, used 46530K [0x0000000080000000, 0x0000000100000000)
  region size 1024K, 1 young (1024K), 1 survivors (1024K)
 Metaspace       used 63631K, committed 64128K, reserved 1114112K
  class space    used 8638K, committed 8896K, reserved 1048576K
}
Event: 6.253 GC heap before
{Heap before GC invocations=22 (full 0):
 garbage-first heap   total 87040K, used 46530K [0x0000000080000000, 0x0000000100000000)
  region size 1024K, 2 young (2048K), 1 survivors (1024K)
 Metaspace       used 63654K, committed 64192K, reserved 1114112K
  class space    used 8639K, committed 8896K, reserved 1048576K
}
Event: 6.254 GC heap after
{Heap after GC invocations=23 (full 0):
 garbage-first heap   total 87040K, used 46157K [0x0000000080000000, 0x0000000100000000)
  region size 1024K, 1 young (1024K), 1 survivors (1024K)
 Metaspace       used 63654K, committed 64192K, reserved 1114112K
  class space    used 8639K, committed 8896K, reserved 1048576K
}
Event: 6.532 GC heap before
{Heap before GC invocations=24 (full 0):
 garbage-first heap   total 87040K, used 79949K [0x0000000080000000, 0x0000000100000000)
  region size 1024K, 22 young (22528K), 1 survivors (1024K)
 Metaspace       used 64721K, committed 65280K, reserved 1114112K
  class space    used 8815K, committed 9088K, reserved 1048576K
}
Event: 6.534 GC heap after
{Heap after GC invocations=25 (full 0):
 garbage-first heap   total 90112K, used 65881K [0x0000000080000000, 0x0000000100000000)
  region size 1024K, 3 young (3072K), 3 survivors (3072K)
 Metaspace       used 64721K, committed 65280K, reserved 1114112K
  class space    used 8815K, committed 9088K, reserved 1048576K
}
Event: 6.542 GC heap before
{Heap before GC invocations=25 (full 0):
 garbage-first heap   total 90112K, used 66905K [0x0000000080000000, 0x0000000100000000)
  region size 1024K, 4 young (4096K), 3 survivors (3072K)
 Metaspace       used 64799K, committed 65344K, reserved 1114112K
  class space    used 8822K, committed 9088K, reserved 1048576K
}
Event: 6.543 GC heap after
{Heap after GC invocations=26 (full 0):
 garbage-first heap   total 90112K, used 65600K [0x0000000080000000, 0x0000000100000000)
  region size 1024K, 1 young (1024K), 1 survivors (1024K)
 Metaspace       used 64799K, committed 65344K, reserved 1114112K
  class space    used 8822K, committed 9088K, reserved 1048576K
}
Event: 6.586 GC heap before
{Heap before GC invocations=26 (full 0):
 garbage-first heap   total 90112K, used 70720K [0x0000000080000000, 0x0000000100000000)
  region size 1024K, 8 young (8192K), 1 survivors (1024K)
 Metaspace       used 65223K, committed 65792K, reserved 1114112K
  class space    used 8861K, committed 9152K, reserved 1048576K
}
Event: 6.588 GC heap after
{Heap after GC invocations=27 (full 0):
 garbage-first heap   total 175104K, used 66129K [0x0000000080000000, 0x0000000100000000)
  region size 1024K, 1 young (1024K), 1 survivors (1024K)
 Metaspace       used 65223K, committed 65792K, reserved 1114112K
  class space    used 8861K, committed 9152K, reserved 1048576K
}
Event: 7.181 GC heap before
{Heap before GC invocations=27 (full 0):
 garbage-first heap   total 175104K, used 123473K [0x0000000080000000, 0x0000000100000000)
  region size 1024K, 56 young (57344K), 1 survivors (1024K)
 Metaspace       used 70518K, committed 71040K, reserved 1114112K
  class space    used 9496K, committed 9728K, reserved 1048576K
}
Event: 7.183 GC heap after
{Heap after GC invocations=28 (full 0):
 garbage-first heap   total 175104K, used 68801K [0x0000000080000000, 0x0000000100000000)
  region size 1024K, 3 young (3072K), 3 survivors (3072K)
 Metaspace       used 70518K, committed 71040K, reserved 1114112K
  class space    used 9496K, committed 9728K, reserved 1048576K
}
Event: 7.711 GC heap before
{Heap before GC invocations=28 (full 0):
 garbage-first heap   total 175104K, used 133313K [0x0000000080000000, 0x0000000100000000)
  region size 1024K, 61 young (62464K), 3 survivors (3072K)
 Metaspace       used 74615K, committed 75200K, reserved 1179648K
  class space    used 10105K, committed 10368K, reserved 1048576K
}
Event: 7.715 GC heap after
{Heap after GC invocations=29 (full 0):
 garbage-first heap   total 175104K, used 74711K [0x0000000080000000, 0x0000000100000000)
  region size 1024K, 7 young (7168K), 7 survivors (7168K)
 Metaspace       used 74615K, committed 75200K, reserved 1179648K
  class space    used 10105K, committed 10368K, reserved 1048576K
}
Event: 8.273 GC heap before
{Heap before GC invocations=29 (full 0):
 garbage-first heap   total 175104K, used 136151K [0x0000000080000000, 0x0000000100000000)
  region size 1024K, 64 young (65536K), 7 survivors (7168K)
 Metaspace       used 79503K, committed 80192K, reserved 1179648K
  class space    used 10758K, committed 11072K, reserved 1048576K
}
Event: 8.277 GC heap after
{Heap after GC invocations=30 (full 0):
 garbage-first heap   total 175104K, used 83264K [0x0000000080000000, 0x0000000100000000)
  region size 1024K, 5 young (5120K), 5 survivors (5120K)
 Metaspace       used 79503K, committed 80192K, reserved 1179648K
  class space    used 10758K, committed 11072K, reserved 1048576K
}

